TN:
SF:src/compression.ts
FN:31,(anonymous_9)
FN:46,(anonymous_10)
FN:117,(anonymous_11)
FN:126,(anonymous_12)
FN:158,(anonymous_13)
FN:159,(anonymous_14)
FN:164,(anonymous_15)
FN:178,(anonymous_16)
FN:225,(anonymous_17)
FN:236,(anonymous_18)
FN:239,(anonymous_19)
FN:353,(anonymous_20)
FN:379,(anonymous_21)
FN:412,(anonymous_22)
FNF:14
FNH:13
FNDA:5,(anonymous_9)
FNDA:5,(anonymous_10)
FNDA:0,(anonymous_11)
FNDA:5,(anonymous_12)
FNDA:760,(anonymous_13)
FNDA:4394,(anonymous_14)
FNDA:640,(anonymous_15)
FNDA:5,(anonymous_16)
FNDA:23,(anonymous_17)
FNDA:5,(anonymous_18)
FNDA:5,(anonymous_19)
FNDA:5,(anonymous_20)
FNDA:381,(anonymous_21)
FNDA:5,(anonymous_22)
DA:1,2
DA:10,2
DA:19,2
DA:21,2
DA:26,5
DA:27,5
DA:28,5
DA:36,5
DA:37,5
DA:38,5
DA:39,5
DA:40,5
DA:48,5
DA:51,5
DA:53,0
DA:54,0
DA:55,0
DA:71,5
DA:72,5
DA:75,5
DA:78,5
DA:81,5
DA:84,5
DA:85,5
DA:88,5
DA:90,5
DA:93,5
DA:94,5
DA:96,5
DA:105,0
DA:118,0
DA:119,0
DA:120,0
DA:131,5
DA:132,5
DA:134,5
DA:135,5959
DA:136,5959
DA:137,5707
DA:138,5707
DA:142,5
DA:143,5
DA:145,5
DA:146,6164
DA:147,6164
DA:148,4628
DA:149,107
DA:150,107
DA:154,5
DA:158,760
DA:160,4394
DA:161,4394
DA:162,3244
DA:164,640
DA:167,5
DA:168,5
DA:169,640
DA:170,640
DA:171,640
DA:179,5
DA:180,5
DA:183,3
DA:208,3
DA:209,3
DA:212,3
DA:213,3
DA:215,3
DA:216,144
DA:217,144
DA:218,144
DA:219,16
DA:224,3
DA:225,23
DA:226,16
DA:227,16
DA:228,16
DA:239,5
DA:240,5
DA:241,5
DA:243,5
DA:245,68
DA:246,68
DA:249,63
DA:250,63
DA:251,273
DA:254,63
DA:255,63
DA:256,63
DA:260,0
DA:261,0
DA:263,0
DA:264,0
DA:265,0
DA:266,0
DA:267,0
DA:269,0
DA:272,0
DA:274,0
DA:275,0
DA:276,0
DA:280,0
DA:283,5
DA:286,5
DA:289,5
DA:290,5
DA:291,0
DA:292,0
DA:296,5
DA:297,5
DA:298,0
DA:299,0
DA:300,0
DA:301,0
DA:306,5
DA:329,5
DA:330,5
DA:331,20
DA:332,20
DA:333,63
DA:334,63
DA:335,63
DA:336,63
DA:341,5
DA:342,18
DA:343,12
DA:344,12
DA:345,12
DA:354,5
DA:357,5
DA:358,8
DA:359,8
DA:360,656
DA:361,656
DA:362,656
DA:367,5
DA:368,12
DA:369,12
DA:370,12
DA:371,12
DA:376,5
DA:377,5
DA:379,5
DA:380,381
DA:381,381
DA:383,381
DA:385,81
DA:386,300
DA:388,63
DA:391,237
DA:394,381
DA:395,381
DA:399,5
DA:402,0
DA:403,0
DA:406,5
DA:413,5
DA:416,5
DA:417,5
DA:418,5
DA:419,5
DA:420,5
DA:421,5
DA:422,5
DA:423,5
DA:424,5
DA:425,5
DA:426,5
DA:427,5
DA:428,5
DA:429,5
DA:430,5
DA:431,5
DA:432,5
DA:435,5
DA:436,5
DA:437,5
DA:438,5
DA:439,5
DA:442,5
DA:443,4
DA:444,4
DA:445,640
DA:447,4
DA:451,5
DA:452,8
DA:454,3
DA:455,3
DA:456,3
DA:457,3
DA:458,16
DA:460,3
DA:465,5
DA:466,12
DA:467,12
DA:468,12
DA:472,5
DA:473,5
DA:474,5
DA:477,5
DA:478,5
DA:479,5
DA:481,5
LF:202
LH:174
BRDA:34,0,0,0
BRDA:39,1,0,5
BRDA:39,1,1,5
BRDA:51,2,0,0
BRDA:88,3,0,5
BRDA:136,4,0,252
BRDA:137,5,0,5707
BRDA:137,5,1,712
BRDA:147,6,0,1536
BRDA:148,7,0,4521
BRDA:149,8,0,107
BRDA:149,8,1,48
BRDA:161,9,0,1150
BRDA:180,10,0,2
BRDA:208,11,0,3
BRDA:218,12,0,16
BRDA:218,13,0,144
BRDA:218,13,1,18
BRDA:246,14,0,5
BRDA:250,15,0,336
BRDA:250,15,1,336
BRDA:254,16,0,63
BRDA:254,17,0,63
BRDA:254,17,1,63
BRDA:263,18,0,0
BRDA:263,18,1,0
BRDA:264,19,0,0
BRDA:264,19,1,0
BRDA:264,20,0,0
BRDA:264,20,1,0
BRDA:266,21,0,0
BRDA:266,22,0,0
BRDA:266,22,1,0
BRDA:272,23,0,0
BRDA:275,24,0,0
BRDA:291,25,0,0
BRDA:291,25,1,0
BRDA:298,26,0,0
BRDA:334,27,0,0
BRDA:335,28,0,63
BRDA:335,28,1,18
BRDA:342,29,0,12
BRDA:383,30,0,81
BRDA:383,30,1,300
BRDA:386,31,0,63
BRDA:386,31,1,237
BRDA:399,32,0,0
BRDA:442,33,0,4
BRDA:452,34,0,5
BRDA:455,35,0,3
BRF:50
BRH:32
end_of_record
TN:
SF:src/decompression.ts
FN:26,(anonymous_9)
FN:39,(anonymous_10)
FN:73,(anonymous_11)
FN:82,(anonymous_12)
FN:163,(anonymous_13)
FN:186,(anonymous_14)
FN:226,(anonymous_15)
FN:240,(anonymous_16)
FN:250,(anonymous_17)
FN:281,(anonymous_18)
FN:321,(anonymous_19)
FN:336,(anonymous_20)
FN:365,(anonymous_21)
FNF:13
FNH:5
FNDA:3,(anonymous_9)
FNDA:3,(anonymous_10)
FNDA:0,(anonymous_11)
FNDA:3,(anonymous_12)
FNDA:0,(anonymous_13)
FNDA:0,(anonymous_14)
FNDA:0,(anonymous_15)
FNDA:0,(anonymous_16)
FNDA:0,(anonymous_17)
FNDA:0,(anonymous_18)
FNDA:0,(anonymous_19)
FNDA:3,(anonymous_20)
FNDA:3,(anonymous_21)
DA:1,2
DA:9,2
DA:16,2
DA:20,3
DA:21,3
DA:22,3
DA:23,3
DA:24,3
DA:31,3
DA:32,3
DA:33,3
DA:41,3
DA:43,3
DA:44,0
DA:48,3
DA:50,0
DA:53,0
DA:57,3
DA:60,3
DA:62,3
DA:74,0
DA:75,0
DA:76,0
DA:84,3
DA:87,0
DA:90,0
DA:93,0
DA:96,0
DA:97,3
DA:99,0
DA:100,0
DA:101,0
DA:105,0
DA:109,0
DA:118,0
DA:119,3
DA:121,3
DA:122,3
DA:123,3
DA:124,3
DA:125,3
DA:127,3
DA:128,0
DA:132,3
DA:135,3
DA:136,0
DA:137,0
DA:140,3
DA:141,0
DA:145,3
DA:154,3
DA:156,0
DA:164,0
DA:165,0
DA:166,0
DA:167,0
DA:168,0
DA:170,0
DA:171,0
DA:174,0
DA:188,0
DA:189,0
DA:190,0
DA:191,0
DA:193,0
DA:194,0
DA:195,0
DA:196,0
DA:202,0
DA:205,0
DA:206,0
DA:207,0
DA:209,0
DA:210,0
DA:211,0
DA:213,0
DA:214,0
DA:215,0
DA:216,0
DA:227,0
DA:230,0
DA:231,0
DA:232,0
DA:233,0
DA:241,0
DA:242,0
DA:243,0
DA:252,0
DA:255,0
DA:258,0
DA:261,0
DA:264,0
DA:267,0
DA:268,0
DA:269,0
DA:273,0
DA:275,0
DA:282,0
DA:285,0
DA:286,0
DA:287,0
DA:291,0
DA:292,0
DA:293,0
DA:295,0
DA:296,0
DA:298,0
DA:299,0
DA:300,0
DA:301,0
DA:303,0
DA:304,0
DA:305,0
DA:306,0
DA:308,0
DA:312,0
DA:315,0
DA:319,0
DA:320,0
DA:321,0
DA:323,0
DA:324,0
DA:325,0
DA:326,0
DA:330,0
DA:337,3
DA:340,3
DA:343,3
DA:344,3
DA:347,3
DA:348,3
DA:349,3
DA:352,3
DA:354,3
DA:359,0
DA:366,3
DA:367,0
DA:370,3
LF:138
LH:42
BRDA:29,0,0,0
BRDA:43,1,0,0
BRDA:48,2,0,0
BRDA:84,3,0,0
BRDA:84,3,1,3
BRDA:97,4,0,0
BRDA:97,4,1,3
BRDA:100,5,0,0
BRDA:119,6,0,3
BRDA:119,6,1,0
BRDA:127,7,0,0
BRDA:127,8,0,3
BRDA:127,8,1,3
BRDA:127,8,2,3
BRDA:127,8,3,3
BRDA:127,8,4,3
BRDA:135,9,0,0
BRDA:140,10,0,0
BRDA:170,11,0,0
BRDA:170,12,0,0
BRDA:170,12,1,0
BRDA:170,12,2,0
BRDA:170,12,3,0
BRDA:170,12,4,0
BRDA:189,13,0,0
BRDA:195,14,0,0
BRDA:195,15,0,0
BRDA:195,15,1,0
BRDA:209,16,0,0
BRDA:215,17,0,0
BRDA:215,18,0,0
BRDA:215,18,1,0
BRDA:242,19,0,0
BRDA:268,20,0,0
BRDA:296,21,0,0
BRDA:296,21,1,0
BRDA:301,22,0,0
BRDA:301,22,1,0
BRDA:304,23,0,0
BRDA:337,24,0,0
BRDA:352,25,0,3
BRDA:352,26,0,3
BRDA:352,26,1,0
BRDA:354,27,0,3
BRDA:354,27,1,1
BRDA:354,27,2,1
BRDA:366,28,0,0
BRF:47
BRH:13
end_of_record
TN:
SF:src/index.ts
FN:74,(anonymous_4)
FN:74,(anonymous_5)
FN:16,compressFile
FN:34,decompressFile
FN:52,compressString
FN:64,decompressString
FNF:6
FNH:2
FNDA:0,(anonymous_4)
FNDA:0,(anonymous_5)
FNDA:0,compressFile
FNDA:0,decompressFile
FNDA:5,compressString
FNDA:3,decompressString
DA:3,2
DA:4,2
DA:11,2
DA:16,2
DA:21,0
DA:24,0
DA:25,0
DA:28,0
DA:34,2
DA:39,0
DA:42,0
DA:43,0
DA:46,0
DA:52,2
DA:57,5
DA:58,5
DA:64,2
DA:69,3
DA:70,3
DA:74,2
DA:77,2
LF:21
LH:13
BRDA:18,0,0,0
BRDA:36,1,0,0
BRDA:54,2,0,0
BRDA:55,3,0,5
BRDA:66,4,0,0
BRDA:67,5,0,3
BRF:6
BRH:2
end_of_record
TN:
SF:src/utils.ts
FN:9,calculateChecksum
FN:16,getFileExtension
FN:23,countLines
FN:30,generateMetadata
FN:52,readFile
FN:59,writeFile
FN:66,fileExists
FN:73,getSuggestedOutputFilename
FN:84,getDomainFromFileType
FNF:9
FNH:9
FNDA:19,calculateChecksum
FNDA:6,getFileExtension
FNDA:8,countLines
FNDA:6,generateMetadata
FNDA:1,readFile
FNDA:1,writeFile
FNDA:2,fileExists
FNDA:5,getSuggestedOutputFilename
FNDA:12,getDomainFromFileType
DA:1,3
DA:2,3
DA:3,3
DA:9,3
DA:10,19
DA:16,3
DA:17,6
DA:23,3
DA:24,8
DA:30,3
DA:34,6
DA:35,6
DA:36,6
DA:37,6
DA:38,6
DA:40,6
DA:52,3
DA:53,1
DA:59,3
DA:60,1
DA:66,3
DA:67,2
DA:73,3
DA:75,5
DA:76,4
DA:78,1
DA:84,3
DA:85,12
DA:86,12
DA:88,12
DA:89,6
DA:90,6
DA:91,3
DA:94,3
LF:34
LH:34
BRDA:75,0,0,4
BRDA:88,1,0,6
BRDA:88,1,1,6
BRDA:90,2,0,3
BRF:4
BRH:4
end_of_record
