TN:
SF:src/compression.ts
FN:42,(anonymous_9)
FN:60,(anonymous_10)
FN:88,(anonymous_11)
FN:172,(anonymous_12)
FN:183,(anonymous_13)
FN:198,(anonymous_14)
FN:235,(anonymous_15)
FN:236,(anonymous_16)
FN:250,(anonymous_17)
FN:251,(anonymous_18)
FN:257,(anonymous_19)
FN:275,(anonymous_20)
FN:317,(anonymous_21)
FN:318,(anonymous_22)
FN:324,(anonymous_23)
FN:338,(anonymous_24)
FN:385,(anonymous_25)
FN:396,(anonymous_26)
FN:398,(anonymous_27)
FN:416,(anonymous_28)
FN:417,(anonymous_29)
FN:456,(anonymous_30)
FN:497,(anonymous_31)
FN:546,(anonymous_32)
FNF:24
FNH:16
FNDA:5,(anonymous_9)
FNDA:0,(anonymous_10)
FNDA:5,(anonymous_11)
FNDA:0,(anonymous_12)
FNDA:0,(anonymous_13)
FNDA:5,(anonymous_14)
FNDA:0,(anonymous_15)
FNDA:0,(anonymous_16)
FNDA:0,(anonymous_17)
FNDA:0,(anonymous_18)
FNDA:0,(anonymous_19)
FNDA:5,(anonymous_20)
FNDA:509,(anonymous_21)
FNDA:2408,(anonymous_22)
FNDA:399,(anonymous_23)
FNDA:5,(anonymous_24)
FNDA:23,(anonymous_25)
FNDA:5,(anonymous_26)
FNDA:5,(anonymous_27)
FNDA:37256,(anonymous_28)
FNDA:131633,(anonymous_29)
FNDA:5,(anonymous_30)
FNDA:381,(anonymous_31)
FNDA:5,(anonymous_32)
DA:1,2
DA:2,2
DA:12,2
DA:21,2
DA:24,2
DA:27,2
DA:30,2
DA:32,2
DA:37,5
DA:38,5
DA:39,5
DA:47,5
DA:48,5
DA:49,5
DA:50,5
DA:51,5
DA:61,0
DA:64,0
DA:66,0
DA:67,0
DA:68,0
DA:69,0
DA:73,0
DA:75,0
DA:76,0
DA:77,0
DA:78,0
DA:79,0
DA:82,0
DA:90,5
DA:93,5
DA:95,0
DA:96,0
DA:97,0
DA:113,5
DA:114,5
DA:117,5
DA:120,5
DA:123,5
DA:126,5
DA:127,5
DA:131,5
DA:133,5
DA:148,5
DA:149,5
DA:151,5
DA:160,0
DA:173,0
DA:174,0
DA:175,0
DA:184,0
DA:186,0
DA:187,0
DA:188,0
DA:192,0
DA:199,5
DA:200,5
DA:203,5
DA:204,5
DA:205,5
DA:208,0
DA:209,0
DA:212,0
DA:213,0
DA:216,0
DA:217,0
DA:218,0
DA:219,0
DA:220,0
DA:224,0
DA:225,0
DA:227,0
DA:228,0
DA:229,0
DA:230,0
DA:234,0
DA:236,0
DA:237,0
DA:243,0
DA:246,0
DA:250,0
DA:253,0
DA:254,0
DA:255,0
DA:257,0
DA:260,0
DA:261,0
DA:262,0
DA:263,0
DA:264,0
DA:267,0
DA:268,0
DA:277,5
DA:278,5
DA:280,5
DA:281,21
DA:282,21
DA:283,21
DA:284,21
DA:288,5
DA:289,5
DA:291,5
DA:292,5973
DA:293,5973
DA:294,1982
DA:295,1982
DA:299,5
DA:300,5
DA:302,5
DA:303,6164
DA:304,6164
DA:305,2055
DA:306,73
DA:307,73
DA:312,5
DA:317,509
DA:320,2408
DA:321,2408
DA:322,2408
DA:324,399
DA:327,5
DA:328,5
DA:329,399
DA:330,399
DA:331,399
DA:339,5
DA:340,5
DA:343,3
DA:368,3
DA:369,3
DA:372,3
DA:373,3
DA:375,3
DA:376,144
DA:377,144
DA:378,144
DA:379,16
DA:384,3
DA:385,23
DA:386,16
DA:387,16
DA:388,16
DA:398,5
DA:400,5
DA:401,5
DA:404,5
DA:406,35378
DA:408,3540
DA:409,56040
DA:410,56040
DA:415,5
DA:416,37256
DA:417,131633
DA:422,5
DA:425,5
DA:426,5
DA:427,40
DA:428,40
DA:429,40
DA:433,5
DA:434,5
DA:436,5
DA:437,5
DA:438,21
DA:439,21
DA:440,21
DA:444,5
DA:445,6
DA:446,4
DA:447,4
DA:448,4
DA:458,5
DA:459,0
DA:460,0
DA:463,5
DA:465,5
DA:467,5
DA:468,8
DA:469,8
DA:470,415
DA:471,415
DA:472,415
DA:473,415
DA:475,0
DA:481,5
DA:482,44
DA:483,44
DA:484,44
DA:485,44
DA:486,44
DA:488,0
DA:493,5
DA:494,5
DA:495,5
DA:497,5
DA:498,381
DA:499,381
DA:501,381
DA:503,81
DA:504,300
DA:506,63
DA:509,237
DA:512,381
DA:513,381
DA:516,0
DA:520,5
DA:521,0
DA:522,0
DA:523,0
DA:525,0
DA:530,5
DA:531,0
DA:532,0
DA:535,5
DA:537,0
DA:539,0
DA:547,5
DA:550,5
DA:551,5
DA:552,5
DA:553,5
DA:554,5
DA:555,5
DA:556,5
DA:557,5
DA:558,5
DA:559,5
DA:560,5
DA:561,5
DA:562,5
DA:565,5
DA:566,5
DA:567,5
DA:568,5
DA:569,5
DA:572,5
DA:573,4
DA:574,4
DA:575,399
DA:577,4
DA:581,5
DA:582,8
DA:584,3
DA:585,3
DA:586,3
DA:587,3
DA:588,16
DA:590,3
DA:595,5
DA:596,44
DA:597,44
DA:598,44
DA:602,5
DA:604,0
DA:605,0
DA:606,0
DA:607,0
DA:610,5
DA:611,5
DA:612,5
DA:616,5
DA:617,5
DA:618,5
DA:619,5
DA:621,5
LF:265
LH:191
BRDA:45,0,0,0
BRDA:50,1,0,5
BRDA:50,1,1,5
BRDA:68,2,0,0
BRDA:69,3,0,0
BRDA:69,3,1,0
BRDA:77,4,0,0
BRDA:78,5,0,0
BRDA:79,6,0,0
BRDA:79,6,1,0
BRDA:93,7,0,0
BRDA:131,8,0,5
BRDA:188,9,0,0
BRDA:188,9,1,0
BRDA:200,10,0,5
BRDA:200,10,1,5
BRDA:203,11,0,5
BRDA:203,12,0,5
BRDA:203,12,1,0
BRDA:229,13,0,0
BRDA:230,14,0,0
BRDA:230,14,1,0
BRDA:282,15,0,0
BRDA:283,16,0,21
BRDA:283,16,1,6
BRDA:293,17,0,3991
BRDA:294,18,0,1982
BRDA:294,18,1,473
BRDA:304,19,0,4109
BRDA:305,20,0,1982
BRDA:306,21,0,73
BRDA:306,21,1,30
BRDA:340,22,0,2
BRDA:368,23,0,3
BRDA:378,24,0,16
BRDA:378,25,0,144
BRDA:378,25,1,18
BRDA:406,26,0,31838
BRDA:408,27,0,59580
BRDA:408,27,1,56115
BRDA:410,28,0,56040
BRDA:410,28,1,37256
BRDA:439,29,0,0
BRDA:440,30,0,21
BRDA:440,30,1,6
BRDA:445,31,0,4
BRDA:458,32,0,0
BRDA:458,33,0,5
BRDA:458,33,1,5
BRDA:501,34,0,81
BRDA:501,34,1,300
BRDA:504,35,0,63
BRDA:504,35,1,237
BRDA:520,36,0,0
BRDA:530,37,0,0
BRDA:530,38,0,5
BRDA:530,38,1,5
BRDA:572,39,0,4
BRDA:582,40,0,5
BRDA:585,41,0,3
BRDA:602,42,0,0
BRDA:602,42,1,5
BRDA:602,43,0,5
BRDA:602,43,1,5
BRDA:602,43,2,5
BRDA:616,44,0,0
BRDA:616,44,1,5
BRDA:616,45,0,5
BRDA:616,45,1,5
BRF:69
BRH:47
end_of_record
TN:
SF:src/decompression.ts
FN:26,(anonymous_9)
FN:39,(anonymous_10)
FN:73,(anonymous_11)
FN:82,(anonymous_12)
FN:198,(anonymous_13)
FN:221,(anonymous_14)
FN:261,(anonymous_15)
FN:275,(anonymous_16)
FN:285,(anonymous_17)
FN:364,(anonymous_18)
FN:404,(anonymous_19)
FN:422,(anonymous_20)
FN:450,(anonymous_21)
FNF:13
FNH:5
FNDA:3,(anonymous_9)
FNDA:3,(anonymous_10)
FNDA:0,(anonymous_11)
FNDA:3,(anonymous_12)
FNDA:0,(anonymous_13)
FNDA:0,(anonymous_14)
FNDA:0,(anonymous_15)
FNDA:0,(anonymous_16)
FNDA:0,(anonymous_17)
FNDA:0,(anonymous_18)
FNDA:0,(anonymous_19)
FNDA:3,(anonymous_20)
FNDA:3,(anonymous_21)
DA:1,2
DA:9,2
DA:16,2
DA:20,3
DA:21,3
DA:22,3
DA:23,3
DA:24,3
DA:31,3
DA:32,3
DA:33,3
DA:41,3
DA:43,3
DA:44,0
DA:48,3
DA:50,0
DA:53,0
DA:57,3
DA:60,3
DA:62,3
DA:74,0
DA:75,0
DA:76,0
DA:84,3
DA:87,0
DA:90,0
DA:93,0
DA:96,0
DA:97,3
DA:99,0
DA:100,0
DA:101,0
DA:105,0
DA:109,0
DA:118,0
DA:119,3
DA:121,3
DA:122,3
DA:123,3
DA:124,3
DA:125,3
DA:127,3
DA:128,0
DA:132,3
DA:135,3
DA:136,0
DA:137,0
DA:140,3
DA:141,0
DA:145,3
DA:154,3
DA:155,3
DA:156,0
DA:159,0
DA:161,0
DA:162,0
DA:166,0
DA:175,0
DA:181,0
DA:190,0
DA:191,0
DA:199,0
DA:200,0
DA:201,0
DA:202,0
DA:203,0
DA:205,0
DA:206,0
DA:209,0
DA:223,0
DA:224,0
DA:225,0
DA:226,0
DA:228,0
DA:229,0
DA:230,0
DA:231,0
DA:237,0
DA:240,0
DA:241,0
DA:242,0
DA:244,0
DA:245,0
DA:246,0
DA:248,0
DA:249,0
DA:250,0
DA:251,0
DA:262,0
DA:265,0
DA:266,0
DA:267,0
DA:268,0
DA:276,0
DA:277,0
DA:278,0
DA:286,0
DA:288,0
DA:289,0
DA:290,0
DA:293,0
DA:294,0
DA:297,0
DA:298,0
DA:299,0
DA:300,0
DA:301,0
DA:302,0
DA:303,0
DA:306,0
DA:311,0
DA:315,0
DA:318,0
DA:321,0
DA:324,0
DA:327,0
DA:330,0
DA:332,0
DA:335,0
DA:336,0
DA:339,0
DA:341,0
DA:343,0
DA:344,0
DA:345,0
DA:346,0
DA:347,0
DA:348,0
DA:349,0
DA:352,0
DA:357,0
DA:365,0
DA:368,0
DA:369,0
DA:370,0
DA:374,0
DA:375,0
DA:376,0
DA:378,0
DA:379,0
DA:381,0
DA:382,0
DA:383,0
DA:384,0
DA:386,0
DA:387,0
DA:388,0
DA:389,0
DA:391,0
DA:395,0
DA:398,0
DA:402,0
DA:403,0
DA:404,0
DA:406,0
DA:407,0
DA:409,0
DA:412,0
DA:416,0
DA:423,3
DA:426,3
DA:429,3
DA:430,3
DA:433,3
DA:434,3
DA:435,3
DA:438,3
DA:440,3
DA:444,0
DA:451,3
DA:452,0
DA:455,3
LF:172
LH:43
BRDA:29,0,0,0
BRDA:43,1,0,0
BRDA:48,2,0,0
BRDA:84,3,0,0
BRDA:84,3,1,3
BRDA:97,4,0,0
BRDA:97,4,1,3
BRDA:100,5,0,0
BRDA:119,6,0,3
BRDA:119,6,1,0
BRDA:127,7,0,0
BRDA:127,8,0,3
BRDA:127,8,1,3
BRDA:127,8,2,3
BRDA:127,8,3,3
BRDA:127,8,4,3
BRDA:135,9,0,0
BRDA:140,10,0,0
BRDA:156,11,0,0
BRDA:156,11,1,0
BRDA:161,12,0,0
BRDA:205,13,0,0
BRDA:205,14,0,0
BRDA:205,14,1,0
BRDA:205,14,2,0
BRDA:205,14,3,0
BRDA:205,14,4,0
BRDA:224,15,0,0
BRDA:230,16,0,0
BRDA:230,17,0,0
BRDA:230,17,1,0
BRDA:244,18,0,0
BRDA:250,19,0,0
BRDA:250,20,0,0
BRDA:250,20,1,0
BRDA:277,21,0,0
BRDA:289,22,0,0
BRDA:293,23,0,0
BRDA:293,24,0,0
BRDA:293,24,1,0
BRDA:297,25,0,0
BRDA:301,26,0,0
BRDA:335,27,0,0
BRDA:335,28,0,0
BRDA:335,28,1,0
BRDA:343,29,0,0
BRDA:347,30,0,0
BRDA:379,31,0,0
BRDA:379,31,1,0
BRDA:384,32,0,0
BRDA:384,32,1,0
BRDA:387,33,0,0
BRDA:423,34,0,0
BRDA:438,35,0,3
BRDA:438,36,0,3
BRDA:438,36,1,0
BRDA:440,37,0,3
BRDA:440,37,1,1
BRDA:440,37,2,1
BRDA:444,38,0,0
BRDA:444,38,1,0
BRDA:444,38,2,0
BRDA:451,39,0,0
BRF:63
BRH:13
end_of_record
TN:
SF:src/index.ts
FN:78,(anonymous_4)
FN:78,(anonymous_5)
FN:16,compressFile
FN:34,decompressFile
FN:56,compressString
FN:68,decompressString
FNF:6
FNH:2
FNDA:0,(anonymous_4)
FNDA:0,(anonymous_5)
FNDA:0,compressFile
FNDA:0,decompressFile
FNDA:5,compressString
FNDA:3,decompressString
DA:3,2
DA:4,2
DA:11,2
DA:16,2
DA:21,0
DA:24,0
DA:25,0
DA:28,0
DA:34,2
DA:39,0
DA:42,0
DA:43,0
DA:46,0
DA:47,0
DA:50,0
DA:56,2
DA:61,5
DA:62,5
DA:68,2
DA:73,3
DA:74,3
DA:78,2
DA:81,2
LF:23
LH:13
BRDA:18,0,0,0
BRDA:36,1,0,0
BRDA:58,2,0,0
BRDA:59,3,0,5
BRDA:70,4,0,0
BRDA:71,5,0,3
BRF:6
BRH:2
end_of_record
TN:
SF:src/utils.ts
FN:9,calculateChecksum
FN:16,getFileExtension
FN:23,countLines
FN:30,generateMetadata
FN:52,readFile
FN:59,writeFile
FN:66,fileExists
FN:73,getSuggestedOutputFilename
FN:84,getDomainFromFileType
FNF:9
FNH:9
FNDA:19,calculateChecksum
FNDA:6,getFileExtension
FNDA:8,countLines
FNDA:6,generateMetadata
FNDA:1,readFile
FNDA:1,writeFile
FNDA:2,fileExists
FNDA:5,getSuggestedOutputFilename
FNDA:12,getDomainFromFileType
DA:1,3
DA:2,3
DA:3,3
DA:9,3
DA:10,19
DA:16,3
DA:17,6
DA:23,3
DA:24,8
DA:30,3
DA:34,6
DA:35,6
DA:36,6
DA:37,6
DA:38,6
DA:40,6
DA:52,3
DA:53,1
DA:59,3
DA:60,1
DA:66,3
DA:67,2
DA:73,3
DA:75,5
DA:76,4
DA:78,1
DA:84,3
DA:85,12
DA:86,12
DA:88,12
DA:89,6
DA:90,6
DA:91,3
DA:94,3
LF:34
LH:34
BRDA:75,0,0,4
BRDA:88,1,0,6
BRDA:88,1,1,6
BRDA:90,2,0,3
BRF:4
BRH:4
end_of_record
